# JRE version: Java(TM) SE Runtime Environment (8.0_92-b14) (build 1.8.0_92-b14)
# Java VM: Java HotSpot(TM) 64-Bit Server VM (25.92-b14 mixed mode windows-amd64 compressed oops)
Heap:
 PSYoungGen      total 491520K, used 67561K [0x00000000d5f80000, 0x00000000f5680000, 0x0000000100000000)
  eden space 476160K, 10% used [0x00000000d5f80000,0x00000000d927d348,0x00000000f3080000)
  from space 15360K, 99% used [0x00000000f3080000,0x00000000f3f7d0f8,0x00000000f3f80000)
  to   space 16896K, 0% used [0x00000000f4600000,0x00000000f4600000,0x00000000f5680000)
 ParOldGen       total 310272K, used 282278K [0x0000000081e00000, 0x0000000094d00000, 0x00000000d5f80000)
  object space 310272K, 90% used [0x0000000081e00000,0x00000000931a9a00,0x0000000094d00000)
 Metaspace       used 98398K, capacity 109749K, committed 110040K, reserved 1142784K
  class space    used 13209K, capacity 15737K, committed 15832K, reserved 1048576K
GC Heap History (10 events):
Event: 13102.487 GC heap before
{Heap before GC invocations=114 (full 47):
 PSYoungGen      total 492032K, used 390005K [0x00000000d5f80000, 0x00000000f4f80000, 0x0000000100000000)
  eden space 476160K, 81% used [0x00000000d5f80000,0x00000000edc5d528,0x00000000f3080000)
  from space 15872K, 0% used [0x00000000f4000000,0x00000000f4000000,0x00000000f4f80000)
  to   space 15872K, 0% used [0x00000000f3080000,0x00000000f3080000,0x00000000f4000000)
 ParOldGen       total 310272K, used 269784K [0x0000000081e00000, 0x0000000094d00000, 0x00000000d5f80000)
  object space 310272K, 86% used [0x0000000081e00000,0x0000000092576380,0x0000000094d00000)
 Metaspace       used 97509K, capacity 108763K, committed 109144K, reserved 1142784K
  class space    used 13115K, capacity 15581K, committed 15704K, reserved 1048576K
Event: 13102.499 GC heap after
Heap after GC invocations=114 (full 47):
 PSYoungGen      total 488960K, used 12525K [0x00000000d5f80000, 0x00000000f4e80000, 0x0000000100000000)
  eden space 476160K, 0% used [0x00000000d5f80000,0x00000000d5f80000,0x00000000f3080000)
  from space 12800K, 97% used [0x00000000f3080000,0x00000000f3cbb560,0x00000000f3d00000)
  to   space 15360K, 0% used [0x00000000f3f80000,0x00000000f3f80000,0x00000000f4e80000)
 ParOldGen       total 310272K, used 269784K [0x0000000081e00000, 0x0000000094d00000, 0x00000000d5f80000)
  object space 310272K, 86% used [0x0000000081e00000,0x0000000092576380,0x0000000094d00000)
 Metaspace       used 97509K, capacity 108763K, committed 109144K, reserved 1142784K
  class space    used 13115K, capacity 15581K, committed 15704K, reserved 1048576K
}
Event: 13102.499 GC heap before
{Heap before GC invocations=115 (full 48):
 PSYoungGen      total 488960K, used 12525K [0x00000000d5f80000, 0x00000000f4e80000, 0x0000000100000000)
  eden space 476160K, 0% used [0x00000000d5f80000,0x00000000d5f80000,0x00000000f3080000)
  from space 12800K, 97% used [0x00000000f3080000,0x00000000f3cbb560,0x00000000f3d00000)
  to   space 15360K, 0% used [0x00000000f3f80000,0x00000000f3f80000,0x00000000f4e80000)
 ParOldGen       total 310272K, used 269784K [0x0000000081e00000, 0x0000000094d00000, 0x00000000d5f80000)
  object space 310272K, 86% used [0x0000000081e00000,0x0000000092576380,0x0000000094d00000)
 Metaspace       used 97509K, capacity 108763K, committed 109144K, reserved 1142784K
  class space    used 13115K, capacity 15581K, committed 15704K, reserved 1048576K
Event: 13103.640 GC heap after
Heap after GC invocations=115 (full 48):
 PSYoungGen      total 488960K, used 0K [0x00000000d5f80000, 0x00000000f4e80000, 0x0000000100000000)
  eden space 476160K, 0% used [0x00000000d5f80000,0x00000000d5f80000,0x00000000f3080000)
  from space 12800K, 0% used [0x00000000f3080000,0x00000000f3080000,0x00000000f3d00000)
  to   space 15360K, 0% used [0x00000000f3f80000,0x00000000f3f80000,0x00000000f4e80000)
 ParOldGen       total 310272K, used 274962K [0x0000000081e00000, 0x0000000094d00000, 0x00000000d5f80000)
  object space 310272K, 88% used [0x0000000081e00000,0x0000000092a848e8,0x0000000094d00000)
 Metaspace       used 97502K, capacity 108751K, committed 109144K, reserved 1142784K
  class space    used 13114K, capacity 15579K, committed 15704K, reserved 1048576K
}
Event: 13108.574 GC heap before
{Heap before GC invocations=116 (full 48):
 PSYoungGen      total 488960K, used 383147K [0x00000000d5f80000, 0x00000000f4e80000, 0x0000000100000000)
  eden space 476160K, 80% used [0x00000000d5f80000,0x00000000ed5aadb8,0x00000000f3080000)
  from space 12800K, 0% used [0x00000000f3080000,0x00000000f3080000,0x00000000f3d00000)
  to   space 15360K, 0% used [0x00000000f3f80000,0x00000000f3f80000,0x00000000f4e80000)
 ParOldGen       total 310272K, used 274962K [0x0000000081e00000, 0x0000000094d00000, 0x00000000d5f80000)
  object space 310272K, 88% used [0x0000000081e00000,0x0000000092a848e8,0x0000000094d00000)
 Metaspace       used 97911K, capacity 109247K, committed 109400K, reserved 1142784K
  class space    used 13157K, capacity 15656K, committed 15704K, reserved 1048576K
Event: 13108.586 GC heap after
Heap after GC invocations=116 (full 48):
 PSYoungGen      total 491520K, used 12571K [0x00000000d5f80000, 0x00000000f4e80000, 0x0000000100000000)
  eden space 476160K, 0% used [0x00000000d5f80000,0x00000000d5f80000,0x00000000f3080000)
  from space 15360K, 81% used [0x00000000f3f80000,0x00000000f4bc6fb0,0x00000000f4e80000)
  to   space 15360K, 0% used [0x00000000f3080000,0x00000000f3080000,0x00000000f3f80000)
 ParOldGen       total 310272K, used 274962K [0x0000000081e00000, 0x0000000094d00000, 0x00000000d5f80000)
  object space 310272K, 88% used [0x0000000081e00000,0x0000000092a848e8,0x0000000094d00000)
 Metaspace       used 97911K, capacity 109247K, committed 109400K, reserved 1142784K
  class space    used 13157K, capacity 15656K, committed 15704K, reserved 1048576K
}
Event: 13108.586 GC heap before
{Heap before GC invocations=117 (full 49):
 PSYoungGen      total 491520K, used 12571K [0x00000000d5f80000, 0x00000000f4e80000, 0x0000000100000000)
  eden space 476160K, 0% used [0x00000000d5f80000,0x00000000d5f80000,0x00000000f3080000)
  from space 15360K, 81% used [0x00000000f3f80000,0x00000000f4bc6fb0,0x00000000f4e80000)
  to   space 15360K, 0% used [0x00000000f3080000,0x00000000f3080000,0x00000000f3f80000)
 ParOldGen       total 310272K, used 274962K [0x0000000081e00000, 0x0000000094d00000, 0x00000000d5f80000)
  object space 310272K, 88% used [0x0000000081e00000,0x0000000092a848e8,0x0000000094d00000)
 Metaspace       used 97911K, capacity 109247K, committed 109400K, reserved 1142784K
  class space    used 13157K, capacity 15656K, committed 15704K, reserved 1048576K
Event: 13109.748 GC heap after
Heap after GC invocations=117 (full 49):
 PSYoungGen      total 491520K, used 0K [0x00000000d5f80000, 0x00000000f4e80000, 0x0000000100000000)
  eden space 476160K, 0% used [0x00000000d5f80000,0x00000000d5f80000,0x00000000f3080000)
  from space 15360K, 0% used [0x00000000f3f80000,0x00000000f3f80000,0x00000000f4e80000)
  to   space 15360K, 0% used [0x00000000f3080000,0x00000000f3080000,0x00000000f3f80000)
 ParOldGen       total 310272K, used 280188K [0x0000000081e00000, 0x0000000094d00000, 0x00000000d5f80000)
  object space 310272K, 90% used [0x0000000081e00000,0x0000000092f9f1c8,0x0000000094d00000)
 Metaspace       used 97903K, capacity 109235K, committed 109400K, reserved 1142784K
  class space    used 13156K, capacity 15654K, committed 15704K, reserved 1048576K
}
Event: 13687.891 GC heap before
{Heap before GC invocations=118 (full 49):
 PSYoungGen      total 491520K, used 476160K [0x00000000d5f80000, 0x00000000f4e80000, 0x0000000100000000)
  eden space 476160K, 100% used [0x00000000d5f80000,0x00000000f3080000,0x00000000f3080000)
  from space 15360K, 0% used [0x00000000f3f80000,0x00000000f3f80000,0x00000000f4e80000)
  to   space 15360K, 0% used [0x00000000f3080000,0x00000000f3080000,0x00000000f3f80000)
 ParOldGen       total 310272K, used 280188K [0x0000000081e00000, 0x0000000094d00000, 0x00000000d5f80000)
  object space 310272K, 90% used [0x0000000081e00000,0x0000000092f9f1c8,0x0000000094d00000)
 Metaspace       used 98376K, capacity 109743K, committed 110040K, reserved 1142784K
  class space    used 13209K, capacity 15736K, committed 15832K, reserved 1048576K
Event: 13687.912 GC heap after
Heap after GC invocations=118 (full 49):
 PSYoungGen      total 491520K, used 15348K [0x00000000d5f80000, 0x00000000f5680000, 0x0000000100000000)
  eden space 476160K, 0% used [0x00000000d5f80000,0x00000000d5f80000,0x00000000f3080000)
  from space 15360K, 99% used [0x00000000f3080000,0x00000000f3f7d0f8,0x00000000f3f80000)
  to   space 16896K, 0% used [0x00000000f4600000,0x00000000f4600000,0x00000000f5680000)
 ParOldGen       total 310272K, used 282278K [0x0000000081e00000, 0x0000000094d00000, 0x00000000d5f80000)
  object space 310272K, 90% used [0x0000000081e00000,0x00000000931a9a00,0x0000000094d00000)
 Metaspace       used 98376K, capacity 109743K, committed 110040K, reserved 1142784K
  class space    used 13209K, capacity 15736K, committed 15832K, reserved 1048576K
}

