# JRE version: Java(TM) SE Runtime Environment (8.0_92-b14) (build 1.8.0_92-b14)
# Java VM: Java HotSpot(TM) 64-Bit Server VM (25.92-b14 mixed mode windows-amd64 compressed oops)
Heap:
 PSYoungGen      total 359424K, used 116349K [0x00000000d5f80000, 0x00000000ede00000, 0x0000000100000000)
  eden space 337408K, 29% used [0x00000000d5f80000,0x00000000dbff0228,0x00000000ea900000)
  from space 22016K, 79% used [0x00000000ec880000,0x00000000ed9af348,0x00000000ede00000)
  to   space 27136K, 0% used [0x00000000ea900000,0x00000000ea900000,0x00000000ec380000)
 ParOldGen       total 145920K, used 49985K [0x0000000081e00000, 0x000000008ac80000, 0x00000000d5f80000)
  object space 145920K, 34% used [0x0000000081e00000,0x0000000084ed0730,0x000000008ac80000)
 Metaspace       used 73214K, capacity 77411K, committed 77696K, reserved 1116160K
  class space    used 10274K, capacity 11056K, committed 11136K, reserved 1048576K
GC Heap History (10 events):
Event: 811.044 GC heap before
{Heap before GC invocations=19 (full 4):
 PSYoungGen      total 317440K, used 20913K [0x00000000d5f80000, 0x00000000eb100000, 0x0000000100000000)
  eden space 293376K, 0% used [0x00000000d5f80000,0x00000000d5f80000,0x00000000e7e00000)
  from space 24064K, 86% used [0x00000000e7e00000,0x00000000e926c6e8,0x00000000e9580000)
  to   space 26112K, 0% used [0x00000000e9780000,0x00000000e9780000,0x00000000eb100000)
 ParOldGen       total 145920K, used 38300K [0x0000000081e00000, 0x000000008ac80000, 0x00000000d5f80000)
  object space 145920K, 26% used [0x0000000081e00000,0x00000000843671f8,0x000000008ac80000)
 Metaspace       used 72164K, capacity 76031K, committed 76160K, reserved 1114112K
  class space    used 10149K, capacity 10851K, committed 10880K, reserved 1048576K
Event: 811.282 GC heap after
Heap after GC invocations=19 (full 4):
 PSYoungGen      total 317440K, used 0K [0x00000000d5f80000, 0x00000000eb100000, 0x0000000100000000)
  eden space 293376K, 0% used [0x00000000d5f80000,0x00000000d5f80000,0x00000000e7e00000)
  from space 24064K, 0% used [0x00000000e7e00000,0x00000000e7e00000,0x00000000e9580000)
  to   space 26112K, 0% used [0x00000000e9780000,0x00000000e9780000,0x00000000eb100000)
 ParOldGen       total 145920K, used 47794K [0x0000000081e00000, 0x000000008ac80000, 0x00000000d5f80000)
  object space 145920K, 32% used [0x0000000081e00000,0x0000000084caca70,0x000000008ac80000)
 Metaspace       used 72156K, capacity 76019K, committed 76160K, reserved 1114112K
  class space    used 10148K, capacity 10849K, committed 10880K, reserved 1048576K
}
Event: 813.647 GC heap before
{Heap before GC invocations=20 (full 4):
 PSYoungGen      total 317440K, used 293376K [0x00000000d5f80000, 0x00000000eb100000, 0x0000000100000000)
  eden space 293376K, 100% used [0x00000000d5f80000,0x00000000e7e00000,0x00000000e7e00000)
  from space 24064K, 0% used [0x00000000e7e00000,0x00000000e7e00000,0x00000000e9580000)
  to   space 26112K, 0% used [0x00000000e9780000,0x00000000e9780000,0x00000000eb100000)
 ParOldGen       total 145920K, used 47794K [0x0000000081e00000, 0x000000008ac80000, 0x00000000d5f80000)
  object space 145920K, 32% used [0x0000000081e00000,0x0000000084caca70,0x000000008ac80000)
 Metaspace       used 72629K, capacity 76707K, committed 77056K, reserved 1116160K
  class space    used 10205K, capacity 10919K, committed 11008K, reserved 1048576K
Event: 813.661 GC heap after
Heap after GC invocations=20 (full 4):
 PSYoungGen      total 318976K, used 17534K [0x00000000d5f80000, 0x00000000ee280000, 0x0000000100000000)
  eden space 292864K, 0% used [0x00000000d5f80000,0x00000000d5f80000,0x00000000e7d80000)
  from space 26112K, 67% used [0x00000000e9780000,0x00000000ea89faf0,0x00000000eb100000)
  to   space 26624K, 0% used [0x00000000e7d80000,0x00000000e7d80000,0x00000000e9780000)
 ParOldGen       total 145920K, used 47802K [0x0000000081e00000, 0x000000008ac80000, 0x00000000d5f80000)
  object space 145920K, 32% used [0x0000000081e00000,0x0000000084caea70,0x000000008ac80000)
 Metaspace       used 72629K, capacity 76707K, committed 77056K, reserved 1116160K
  class space    used 10205K, capacity 10919K, committed 11008K, reserved 1048576K
}
Event: 829.395 GC heap before
{Heap before GC invocations=21 (full 4):
 PSYoungGen      total 318976K, used 121666K [0x00000000d5f80000, 0x00000000ee280000, 0x0000000100000000)
  eden space 292864K, 35% used [0x00000000d5f80000,0x00000000dc530fa0,0x00000000e7d80000)
  from space 26112K, 67% used [0x00000000e9780000,0x00000000ea89faf0,0x00000000eb100000)
  to   space 26624K, 0% used [0x00000000e7d80000,0x00000000e7d80000,0x00000000e9780000)
 ParOldGen       total 145920K, used 47802K [0x0000000081e00000, 0x000000008ac80000, 0x00000000d5f80000)
  object space 145920K, 32% used [0x0000000081e00000,0x0000000084caea70,0x000000008ac80000)
 Metaspace       used 72734K, capacity 76839K, committed 77056K, reserved 1116160K
  class space    used 10219K, capacity 10968K, committed 11008K, reserved 1048576K
Event: 829.404 GC heap after
Heap after GC invocations=21 (full 4):
 PSYoungGen      total 319488K, used 6664K [0x00000000d5f80000, 0x00000000ee280000, 0x0000000100000000)
  eden space 292864K, 0% used [0x00000000d5f80000,0x00000000d5f80000,0x00000000e7d80000)
  from space 26624K, 25% used [0x00000000e7d80000,0x00000000e8402028,0x00000000e9780000)
  to   space 26624K, 0% used [0x00000000ec880000,0x00000000ec880000,0x00000000ee280000)
 ParOldGen       total 145920K, used 47810K [0x0000000081e00000, 0x000000008ac80000, 0x00000000d5f80000)
  object space 145920K, 32% used [0x0000000081e00000,0x0000000084cb0a70,0x000000008ac80000)
 Metaspace       used 72734K, capacity 76839K, committed 77056K, reserved 1116160K
  class space    used 10219K, capacity 10968K, committed 11008K, reserved 1048576K
}
Event: 829.404 GC heap before
{Heap before GC invocations=22 (full 5):
 PSYoungGen      total 319488K, used 6664K [0x00000000d5f80000, 0x00000000ee280000, 0x0000000100000000)
  eden space 292864K, 0% used [0x00000000d5f80000,0x00000000d5f80000,0x00000000e7d80000)
  from space 26624K, 25% used [0x00000000e7d80000,0x00000000e8402028,0x00000000e9780000)
  to   space 26624K, 0% used [0x00000000ec880000,0x00000000ec880000,0x00000000ee280000)
 ParOldGen       total 145920K, used 47810K [0x0000000081e00000, 0x000000008ac80000, 0x00000000d5f80000)
  object space 145920K, 32% used [0x0000000081e00000,0x0000000084cb0a70,0x000000008ac80000)
 Metaspace       used 72734K, capacity 76839K, committed 77056K, reserved 1116160K
  class space    used 10219K, capacity 10968K, committed 11008K, reserved 1048576K
Event: 829.793 GC heap after
Heap after GC invocations=22 (full 5):
 PSYoungGen      total 319488K, used 0K [0x00000000d5f80000, 0x00000000ee280000, 0x0000000100000000)
  eden space 292864K, 0% used [0x00000000d5f80000,0x00000000d5f80000,0x00000000e7d80000)
  from space 26624K, 0% used [0x00000000e7d80000,0x00000000e7d80000,0x00000000e9780000)
  to   space 26624K, 0% used [0x00000000ec880000,0x00000000ec880000,0x00000000ee280000)
 ParOldGen       total 145920K, used 49977K [0x0000000081e00000, 0x000000008ac80000, 0x00000000d5f80000)
  object space 145920K, 34% used [0x0000000081e00000,0x0000000084ece730,0x000000008ac80000)
 Metaspace       used 72726K, capacity 76827K, committed 77056K, reserved 1116160K
  class space    used 10218K, capacity 10966K, committed 11008K, reserved 1048576K
}
Event: 832.140 GC heap before
{Heap before GC invocations=23 (full 5):
 PSYoungGen      total 319488K, used 292864K [0x00000000d5f80000, 0x00000000ee280000, 0x0000000100000000)
  eden space 292864K, 100% used [0x00000000d5f80000,0x00000000e7d80000,0x00000000e7d80000)
  from space 26624K, 0% used [0x00000000e7d80000,0x00000000e7d80000,0x00000000e9780000)
  to   space 26624K, 0% used [0x00000000ec880000,0x00000000ec880000,0x00000000ee280000)
 ParOldGen       total 145920K, used 49977K [0x0000000081e00000, 0x000000008ac80000, 0x00000000d5f80000)
  object space 145920K, 34% used [0x0000000081e00000,0x0000000084ece730,0x000000008ac80000)
 Metaspace       used 73160K, capacity 77309K, committed 77440K, reserved 1116160K
  class space    used 10268K, capacity 11023K, committed 11136K, reserved 1048576K
Event: 832.157 GC heap after
Heap after GC invocations=23 (full 5):
 PSYoungGen      total 359424K, used 17596K [0x00000000d5f80000, 0x00000000ede00000, 0x0000000100000000)
  eden space 337408K, 0% used [0x00000000d5f80000,0x00000000d5f80000,0x00000000ea900000)
  from space 22016K, 79% used [0x00000000ec880000,0x00000000ed9af348,0x00000000ede00000)
  to   space 27136K, 0% used [0x00000000ea900000,0x00000000ea900000,0x00000000ec380000)
 ParOldGen       total 145920K, used 49985K [0x0000000081e00000, 0x000000008ac80000, 0x00000000d5f80000)
  object space 145920K, 34% used [0x0000000081e00000,0x0000000084ed0730,0x000000008ac80000)
 Metaspace       used 73160K, capacity 77309K, committed 77440K, reserved 1116160K
  class space    used 10268K, capacity 11023K, committed 11136K, reserved 1048576K
}

