# JRE version: Java(TM) SE Runtime Environment (8.0_92-b14) (build 1.8.0_92-b14)
# Java VM: Java HotSpot(TM) 64-Bit Server VM (25.92-b14 mixed mode windows-amd64 compressed oops)
Heap:
 PSYoungGen      total 357888K, used 263183K [0x00000000d5f80000, 0x00000000f0a00000, 0x0000000100000000)
  eden space 293376K, 70% used [0x00000000d5f80000,0x00000000e28e4240,0x00000000e7e00000)
  from space 64512K, 88% used [0x00000000ec800000,0x00000000eff9fb40,0x00000000f0700000)
  to   space 71680K, 0% used [0x00000000e7e00000,0x00000000e7e00000,0x00000000ec400000)
 ParOldGen       total 142848K, used 119245K [0x0000000081e00000, 0x000000008a980000, 0x00000000d5f80000)
  object space 142848K, 83% used [0x0000000081e00000,0x0000000089273630,0x000000008a980000)
 Metaspace       used 83082K, capacity 91142K, committed 91264K, reserved 1128448K
  class space    used 11525K, capacity 12915K, committed 12928K, reserved 1048576K
GC Heap History (10 events):
Event: 3026.398 GC heap before
{Heap before GC invocations=45 (full 11):
 PSYoungGen      total 391168K, used 391160K [0x00000000d5f80000, 0x00000000f1100000, 0x0000000100000000)
  eden space 355840K, 100% used [0x00000000d5f80000,0x00000000ebb00000,0x00000000ebb00000)
  from space 35328K, 99% used [0x00000000ed900000,0x00000000efb7e330,0x00000000efb80000)
  to   space 22016K, 0% used [0x00000000efb80000,0x00000000efb80000,0x00000000f1100000)
 ParOldGen       total 142848K, used 95046K [0x0000000081e00000, 0x000000008a980000, 0x00000000d5f80000)
  object space 142848K, 66% used [0x0000000081e00000,0x0000000087ad18c8,0x000000008a980000)
 Metaspace       used 78250K, capacity 83826K, committed 84224K, reserved 1122304K
  class space    used 10851K, capacity 11888K, committed 12032K, reserved 1048576K
Event: 3026.438 GC heap after
Heap after GC invocations=45 (full 11):
 PSYoungGen      total 364032K, used 21991K [0x00000000d5f80000, 0x00000000f1280000, 0x0000000100000000)
  eden space 342016K, 0% used [0x00000000d5f80000,0x00000000d5f80000,0x00000000ead80000)
  from space 22016K, 99% used [0x00000000efb80000,0x00000000f10f9ec0,0x00000000f1100000)
  to   space 51712K, 0% used [0x00000000ead80000,0x00000000ead80000,0x00000000ee000000)
 ParOldGen       total 142848K, used 119213K [0x0000000081e00000, 0x000000008a980000, 0x00000000d5f80000)
  object space 142848K, 83% used [0x0000000081e00000,0x000000008926b630,0x000000008a980000)
 Metaspace       used 78250K, capacity 83826K, committed 84224K, reserved 1122304K
  class space    used 10851K, capacity 11888K, committed 12032K, reserved 1048576K
}
Event: 3031.769 GC heap before
{Heap before GC invocations=46 (full 11):
 PSYoungGen      total 364032K, used 364007K [0x00000000d5f80000, 0x00000000f1280000, 0x0000000100000000)
  eden space 342016K, 100% used [0x00000000d5f80000,0x00000000ead80000,0x00000000ead80000)
  from space 22016K, 99% used [0x00000000efb80000,0x00000000f10f9ec0,0x00000000f1100000)
  to   space 51712K, 0% used [0x00000000ead80000,0x00000000ead80000,0x00000000ee000000)
 ParOldGen       total 142848K, used 119213K [0x0000000081e00000, 0x000000008a980000, 0x00000000d5f80000)
  object space 142848K, 83% used [0x0000000081e00000,0x000000008926b630,0x000000008a980000)
 Metaspace       used 78679K, capacity 84290K, committed 84736K, reserved 1122304K
  class space    used 10894K, capacity 11933K, committed 12032K, reserved 1048576K
Event: 3031.798 GC heap after
Heap after GC invocations=46 (full 11):
 PSYoungGen      total 365056K, used 36333K [0x00000000d5f80000, 0x00000000f0a80000, 0x0000000100000000)
  eden space 328704K, 0% used [0x00000000d5f80000,0x00000000d5f80000,0x00000000ea080000)
  from space 36352K, 99% used [0x00000000ead80000,0x00000000ed0fb660,0x00000000ed100000)
  to   space 54272K, 0% used [0x00000000ed580000,0x00000000ed580000,0x00000000f0a80000)
 ParOldGen       total 142848K, used 119221K [0x0000000081e00000, 0x000000008a980000, 0x00000000d5f80000)
  object space 142848K, 83% used [0x0000000081e00000,0x000000008926d630,0x000000008a980000)
 Metaspace       used 78679K, capacity 84290K, committed 84736K, reserved 1122304K
  class space    used 10894K, capacity 11933K, committed 12032K, reserved 1048576K
}
Event: 3041.709 GC heap before
{Heap before GC invocations=47 (full 11):
 PSYoungGen      total 365056K, used 365037K [0x00000000d5f80000, 0x00000000f0a80000, 0x0000000100000000)
  eden space 328704K, 100% used [0x00000000d5f80000,0x00000000ea080000,0x00000000ea080000)
  from space 36352K, 99% used [0x00000000ead80000,0x00000000ed0fb660,0x00000000ed100000)
  to   space 54272K, 0% used [0x00000000ed580000,0x00000000ed580000,0x00000000f0a80000)
 ParOldGen       total 142848K, used 119221K [0x0000000081e00000, 0x000000008a980000, 0x00000000d5f80000)
  object space 142848K, 83% used [0x0000000081e00000,0x000000008926d630,0x000000008a980000)
 Metaspace       used 79201K, capacity 84910K, committed 84992K, reserved 1122304K
  class space    used 10951K, capacity 12004K, committed 12032K, reserved 1048576K
Event: 3041.743 GC heap after
Heap after GC invocations=47 (full 11):
 PSYoungGen      total 366592K, used 43088K [0x00000000d5f80000, 0x00000000f0680000, 0x0000000100000000)
  eden space 316416K, 0% used [0x00000000d5f80000,0x00000000d5f80000,0x00000000e9480000)
  from space 50176K, 85% used [0x00000000ed580000,0x00000000eff941f0,0x00000000f0680000)
  to   space 58368K, 0% used [0x00000000e9480000,0x00000000e9480000,0x00000000ecd80000)
 ParOldGen       total 142848K, used 119229K [0x0000000081e00000, 0x000000008a980000, 0x00000000d5f80000)
  object space 142848K, 83% used [0x0000000081e00000,0x000000008926f630,0x000000008a980000)
 Metaspace       used 79201K, capacity 84910K, committed 84992K, reserved 1122304K
  class space    used 10951K, capacity 12004K, committed 12032K, reserved 1048576K
}
Event: 3050.481 GC heap before
{Heap before GC invocations=48 (full 11):
 PSYoungGen      total 366592K, used 359474K [0x00000000d5f80000, 0x00000000f0680000, 0x0000000100000000)
  eden space 316416K, 99% used [0x00000000d5f80000,0x00000000e9478a08,0x00000000e9480000)
  from space 50176K, 85% used [0x00000000ed580000,0x00000000eff941f0,0x00000000f0680000)
  to   space 58368K, 0% used [0x00000000e9480000,0x00000000e9480000,0x00000000ecd80000)
 ParOldGen       total 142848K, used 119229K [0x0000000081e00000, 0x000000008a980000, 0x00000000d5f80000)
  object space 142848K, 83% used [0x0000000081e00000,0x000000008926f630,0x000000008a980000)
 Metaspace       used 80799K, capacity 87372K, committed 87424K, reserved 1124352K
  class space    used 11180K, capacity 12382K, committed 12416K, reserved 1048576K
Event: 3050.516 GC heap after
Heap after GC invocations=48 (full 11):
 PSYoungGen      total 354816K, used 49751K [0x00000000d5f80000, 0x00000000f0700000, 0x0000000100000000)
  eden space 304640K, 0% used [0x00000000d5f80000,0x00000000d5f80000,0x00000000e8900000)
  from space 50176K, 99% used [0x00000000e9480000,0x00000000ec515f38,0x00000000ec580000)
  to   space 64512K, 0% used [0x00000000ec800000,0x00000000ec800000,0x00000000f0700000)
 ParOldGen       total 142848K, used 119237K [0x0000000081e00000, 0x000000008a980000, 0x00000000d5f80000)
  object space 142848K, 83% used [0x0000000081e00000,0x0000000089271630,0x000000008a980000)
 Metaspace       used 80799K, capacity 87372K, committed 87424K, reserved 1124352K
  class space    used 11180K, capacity 12382K, committed 12416K, reserved 1048576K
}
Event: 3065.973 GC heap before
{Heap before GC invocations=49 (full 11):
 PSYoungGen      total 354816K, used 354391K [0x00000000d5f80000, 0x00000000f0700000, 0x0000000100000000)
  eden space 304640K, 100% used [0x00000000d5f80000,0x00000000e8900000,0x00000000e8900000)
  from space 50176K, 99% used [0x00000000e9480000,0x00000000ec515f38,0x00000000ec580000)
  to   space 64512K, 0% used [0x00000000ec800000,0x00000000ec800000,0x00000000f0700000)
 ParOldGen       total 142848K, used 119237K [0x0000000081e00000, 0x000000008a980000, 0x00000000d5f80000)
  object space 142848K, 83% used [0x0000000081e00000,0x0000000089271630,0x000000008a980000)
 Metaspace       used 82735K, capacity 90734K, committed 90752K, reserved 1126400K
  class space    used 11497K, capacity 12910K, committed 12928K, reserved 1048576K
Event: 3066.040 GC heap after
Heap after GC invocations=49 (full 11):
 PSYoungGen      total 357888K, used 56958K [0x00000000d5f80000, 0x00000000f0a00000, 0x0000000100000000)
  eden space 293376K, 0% used [0x00000000d5f80000,0x00000000d5f80000,0x00000000e7e00000)
  from space 64512K, 88% used [0x00000000ec800000,0x00000000eff9fb40,0x00000000f0700000)
  to   space 71680K, 0% used [0x00000000e7e00000,0x00000000e7e00000,0x00000000ec400000)
 ParOldGen       total 142848K, used 119245K [0x0000000081e00000, 0x000000008a980000, 0x00000000d5f80000)
  object space 142848K, 83% used [0x0000000081e00000,0x0000000089273630,0x000000008a980000)
 Metaspace       used 82735K, capacity 90734K, committed 90752K, reserved 1126400K
  class space    used 11497K, capacity 12910K, committed 12928K, reserved 1048576K
}

