# JRE version: Java(TM) SE Runtime Environment (8.0_92-b14) (build 1.8.0_92-b14)
# Java VM: Java HotSpot(TM) 64-Bit Server VM (25.92-b14 mixed mode windows-amd64 compressed oops)
Heap:
 PSYoungGen      total 305664K, used 200504K [0x00000000d5f80000, 0x00000000ea780000, 0x0000000100000000)
  eden space 282624K, 63% used [0x00000000d5f80000,0x00000000e0f05da0,0x00000000e7380000)
  from space 23040K, 90% used [0x00000000e8c80000,0x00000000ea0c8380,0x00000000ea300000)
  to   space 25600K, 0% used [0x00000000e7380000,0x00000000e7380000,0x00000000e8c80000)
 ParOldGen       total 150528K, used 40954K [0x0000000081e00000, 0x000000008b100000, 0x00000000d5f80000)
  object space 150528K, 27% used [0x0000000081e00000,0x00000000845febd8,0x000000008b100000)
 Metaspace       used 71743K, capacity 75548K, committed 75776K, reserved 1114112K
  class space    used 10076K, capacity 10749K, committed 10752K, reserved 1048576K
GC Heap History (10 events):
Event: 8.877 GC heap before
{Heap before GC invocations=13 (full 2):
 PSYoungGen      total 205824K, used 205454K [0x00000000d5f80000, 0x00000000e4980000, 0x0000000100000000)
  eden space 199168K, 100% used [0x00000000d5f80000,0x00000000e2200000,0x00000000e2200000)
  from space 6656K, 94% used [0x00000000e4300000,0x00000000e4923af8,0x00000000e4980000)
  to   space 17920K, 0% used [0x00000000e2680000,0x00000000e2680000,0x00000000e3800000)
 ParOldGen       total 103936K, used 24599K [0x0000000081e00000, 0x0000000088380000, 0x00000000d5f80000)
  object space 103936K, 23% used [0x0000000081e00000,0x0000000083605e80,0x0000000088380000)
 Metaspace       used 49401K, capacity 51608K, committed 51840K, reserved 1093632K
  class space    used 6757K, capacity 7212K, committed 7296K, reserved 1048576K
Event: 8.899 GC heap after
Heap after GC invocations=13 (full 2):
 PSYoungGen      total 221696K, used 17914K [0x00000000d5f80000, 0x00000000e7700000, 0x0000000100000000)
  eden space 203776K, 0% used [0x00000000d5f80000,0x00000000d5f80000,0x00000000e2680000)
  from space 17920K, 99% used [0x00000000e2680000,0x00000000e37fe9a0,0x00000000e3800000)
  to   space 22016K, 0% used [0x00000000e6180000,0x00000000e6180000,0x00000000e7700000)
 ParOldGen       total 103936K, used 27903K [0x0000000081e00000, 0x0000000088380000, 0x00000000d5f80000)
  object space 103936K, 26% used [0x0000000081e00000,0x000000008393fff0,0x0000000088380000)
 Metaspace       used 49401K, capacity 51608K, committed 51840K, reserved 1093632K
  class space    used 6757K, capacity 7212K, committed 7296K, reserved 1048576K
}
Event: 9.648 GC heap before
{Heap before GC invocations=14 (full 2):
 PSYoungGen      total 221696K, used 91377K [0x00000000d5f80000, 0x00000000e7700000, 0x0000000100000000)
  eden space 203776K, 36% used [0x00000000d5f80000,0x00000000da73dc50,0x00000000e2680000)
  from space 17920K, 99% used [0x00000000e2680000,0x00000000e37fe9a0,0x00000000e3800000)
  to   space 22016K, 0% used [0x00000000e6180000,0x00000000e6180000,0x00000000e7700000)
 ParOldGen       total 103936K, used 27903K [0x0000000081e00000, 0x0000000088380000, 0x00000000d5f80000)
  object space 103936K, 26% used [0x0000000081e00000,0x000000008393fff0,0x0000000088380000)
 Metaspace       used 56726K, capacity 58964K, committed 59096K, reserved 1099776K
  class space    used 7856K, capacity 8318K, committed 8320K, reserved 1048576K
Event: 9.667 GC heap after
Heap after GC invocations=14 (full 2):
 PSYoungGen      total 263168K, used 15813K [0x00000000d5f80000, 0x00000000e8200000, 0x0000000100000000)
  eden space 241152K, 0% used [0x00000000d5f80000,0x00000000d5f80000,0x00000000e4b00000)
  from space 22016K, 71% used [0x00000000e6180000,0x00000000e70f1618,0x00000000e7700000)
  to   space 23040K, 0% used [0x00000000e4b00000,0x00000000e4b00000,0x00000000e6180000)
 ParOldGen       total 103936K, used 31863K [0x0000000081e00000, 0x0000000088380000, 0x00000000d5f80000)
  object space 103936K, 30% used [0x0000000081e00000,0x0000000083d1ddb8,0x0000000088380000)
 Metaspace       used 56726K, capacity 58964K, committed 59096K, reserved 1099776K
  class space    used 7856K, capacity 8318K, committed 8320K, reserved 1048576K
}
Event: 9.667 GC heap before
{Heap before GC invocations=15 (full 3):
 PSYoungGen      total 263168K, used 15813K [0x00000000d5f80000, 0x00000000e8200000, 0x0000000100000000)
  eden space 241152K, 0% used [0x00000000d5f80000,0x00000000d5f80000,0x00000000e4b00000)
  from space 22016K, 71% used [0x00000000e6180000,0x00000000e70f1618,0x00000000e7700000)
  to   space 23040K, 0% used [0x00000000e4b00000,0x00000000e4b00000,0x00000000e6180000)
 ParOldGen       total 103936K, used 31863K [0x0000000081e00000, 0x0000000088380000, 0x00000000d5f80000)
  object space 103936K, 30% used [0x0000000081e00000,0x0000000083d1ddb8,0x0000000088380000)
 Metaspace       used 56726K, capacity 58964K, committed 59096K, reserved 1099776K
  class space    used 7856K, capacity 8318K, committed 8320K, reserved 1048576K
Event: 9.894 GC heap after
Heap after GC invocations=15 (full 3):
 PSYoungGen      total 263168K, used 0K [0x00000000d5f80000, 0x00000000e8200000, 0x0000000100000000)
  eden space 241152K, 0% used [0x00000000d5f80000,0x00000000d5f80000,0x00000000e4b00000)
  from space 22016K, 0% used [0x00000000e6180000,0x00000000e6180000,0x00000000e7700000)
  to   space 23040K, 0% used [0x00000000e4b00000,0x00000000e4b00000,0x00000000e6180000)
 ParOldGen       total 150528K, used 40938K [0x0000000081e00000, 0x000000008b100000, 0x00000000d5f80000)
  object space 150528K, 27% used [0x0000000081e00000,0x00000000845fabd8,0x000000008b100000)
 Metaspace       used 56726K, capacity 58964K, committed 59096K, reserved 1099776K
  class space    used 7856K, capacity 8318K, committed 8320K, reserved 1048576K
}
Event: 11.897 GC heap before
{Heap before GC invocations=16 (full 3):
 PSYoungGen      total 263168K, used 241152K [0x00000000d5f80000, 0x00000000e8200000, 0x0000000100000000)
  eden space 241152K, 100% used [0x00000000d5f80000,0x00000000e4b00000,0x00000000e4b00000)
  from space 22016K, 0% used [0x00000000e6180000,0x00000000e6180000,0x00000000e7700000)
  to   space 23040K, 0% used [0x00000000e4b00000,0x00000000e4b00000,0x00000000e6180000)
 ParOldGen       total 150528K, used 40938K [0x0000000081e00000, 0x000000008b100000, 0x00000000d5f80000)
  object space 150528K, 27% used [0x0000000081e00000,0x00000000845fabd8,0x000000008b100000)
 Metaspace       used 62735K, capacity 65850K, committed 65920K, reserved 1105920K
  class space    used 8746K, capacity 9308K, committed 9344K, reserved 1048576K
Event: 11.914 GC heap after
Heap after GC invocations=16 (full 3):
 PSYoungGen      total 264192K, used 14504K [0x00000000d5f80000, 0x00000000ea300000, 0x0000000100000000)
  eden space 241152K, 0% used [0x00000000d5f80000,0x00000000d5f80000,0x00000000e4b00000)
  from space 23040K, 62% used [0x00000000e4b00000,0x00000000e592a050,0x00000000e6180000)
  to   space 23040K, 0% used [0x00000000e8c80000,0x00000000e8c80000,0x00000000ea300000)
 ParOldGen       total 150528K, used 40946K [0x0000000081e00000, 0x000000008b100000, 0x00000000d5f80000)
  object space 150528K, 27% used [0x0000000081e00000,0x00000000845fcbd8,0x000000008b100000)
 Metaspace       used 62735K, capacity 65850K, committed 65920K, reserved 1105920K
  class space    used 8746K, capacity 9308K, committed 9344K, reserved 1048576K
}
Event: 13.667 GC heap before
{Heap before GC invocations=17 (full 3):
 PSYoungGen      total 264192K, used 255656K [0x00000000d5f80000, 0x00000000ea300000, 0x0000000100000000)
  eden space 241152K, 100% used [0x00000000d5f80000,0x00000000e4b00000,0x00000000e4b00000)
  from space 23040K, 62% used [0x00000000e4b00000,0x00000000e592a050,0x00000000e6180000)
  to   space 23040K, 0% used [0x00000000e8c80000,0x00000000e8c80000,0x00000000ea300000)
 ParOldGen       total 150528K, used 40946K [0x0000000081e00000, 0x000000008b100000, 0x00000000d5f80000)
  object space 150528K, 27% used [0x0000000081e00000,0x00000000845fcbd8,0x000000008b100000)
 Metaspace       used 66132K, capacity 69562K, committed 69888K, reserved 1110016K
  class space    used 9270K, capacity 9862K, committed 9984K, reserved 1048576K
Event: 13.692 GC heap after
Heap after GC invocations=17 (full 3):
 PSYoungGen      total 305664K, used 20768K [0x00000000d5f80000, 0x00000000ea780000, 0x0000000100000000)
  eden space 282624K, 0% used [0x00000000d5f80000,0x00000000d5f80000,0x00000000e7380000)
  from space 23040K, 90% used [0x00000000e8c80000,0x00000000ea0c8380,0x00000000ea300000)
  to   space 25600K, 0% used [0x00000000e7380000,0x00000000e7380000,0x00000000e8c80000)
 ParOldGen       total 150528K, used 40954K [0x0000000081e00000, 0x000000008b100000, 0x00000000d5f80000)
  object space 150528K, 27% used [0x0000000081e00000,0x00000000845febd8,0x000000008b100000)
 Metaspace       used 66132K, capacity 69562K, committed 69888K, reserved 1110016K
  class space    used 9270K, capacity 9862K, committed 9984K, reserved 1048576K
}

